<?xml version="1.0" encoding="UTF-8"?>
<testng-results total="2" passed="2" failed="0" skipped="0">
  <reporter-output>
  </reporter-output>
  <suite started-at="2024-03-13T06:26:12Z" name="Suite" finished-at="2024-03-13T06:26:48Z" duration-ms="35183">
    <groups>
    </groups>
    <test started-at="2024-03-13T06:26:12Z" name="Test" finished-at="2024-03-13T06:26:48Z" duration-ms="35183">
      <class name="com.hrms.testscripts.TC001">
        <test-method signature="tc001()[pri:0, instance:com.hrms.testscripts.TC001@3541cb24]" started-at="2024-03-13T11:56:39Z" name="tc001" finished-at="2024-03-13T11:56:48Z" duration-ms="8960" status="PASS">
          <reporter-output>
          </reporter-output>
        </test-method> <!-- tc001 -->
      </class> <!-- com.hrms.testscripts.TC001 -->
      <class name="com.hrms.testscripts.TC002">
        <test-method signature="tc002()[pri:0, instance:com.hrms.testscripts.TC002@152aa092]" started-at="2024-03-13T11:56:12Z" name="tc002" finished-at="2024-03-13T11:56:39Z" duration-ms="26210" status="PASS">
          <reporter-output>
          </reporter-output>
        </test-method> <!-- tc002 -->
      </class> <!-- com.hrms.testscripts.TC002 -->
    </test> <!-- Test -->
  </suite> <!-- Suite -->
</testng-results>
